#
# A fatal error has been detected by the Java Runtime Environment:
#
#  SIGSEGV (0xb) at pc=0x00007f1a76a9c2b5, pid=10044, tid=10055
#
# JRE version: Java(TM) SE Runtime Environment (11.0.1+13) (build 11.0.1+13-LTS)
# Java VM: Java HotSpot(TM) 64-Bit Server VM (11.0.1+13-LTS, mixed mode, tiered, compressed oops, g1 gc, linux-amd64)
# Problematic frame:
# V  [libjvm.so+0x8142b5]  PhaseCFG::schedule_node_into_block(Node*, Block*)+0xa5
#
# Core dump will be written. Default location: Core dumps may be processed with "/usr/share/apport/apport %p %s %c %d %P" (or dumping to /home/dam2a/IdeaProjects/SpriteBall/core.10044)
#
# If you would like to submit a bug report, please visit:
#   http://bugreport.java.com/bugreport/crash.jsp
#

---------------  S U M M A R Y ------------

Command Line: -Dmaven.multiModuleProjectDirectory=/home/dam2a/IdeaProjects/SpriteBall -Dmaven.home=/home/dam2a/Baixades/ideaIC-2018.2.3/idea-IC-182.4323.46/plugins/maven/lib/maven3 -Dclassworlds.conf=/home/dam2a/Baixades/ideaIC-2018.2.3/idea-IC-182.4323.46/plugins/maven/lib/maven3/bin/m2.conf -javaagent:/home/dam2a/Baixades/ideaIC-2018.2.3/idea-IC-182.4323.46/lib/idea_rt.jar=42689:/home/dam2a/Baixades/ideaIC-2018.2.3/idea-IC-182.4323.46/bin -Dfile.encoding=UTF-8 org.codehaus.classworlds.Launcher -Didea.version=2018.2.7 org.apache.maven.plugins:maven-resources-plugin:2.6:resources

Host: Intel(R) Core(TM) i3-4170 CPU @ 3.70GHz, 4 cores, 7G, Ubuntu 18.04 LTS
Time: Thu Apr  4 18:54:02 2019 CEST elapsed time: 1 seconds (0d 0h 0m 1s)

---------------  T H R E A D  ---------------

Current thread (0x00007f1a701cf800):  JavaThread "C2 CompilerThread0" daemon [_thread_in_native, id=10055, stack(0x00007f1a484f1000,0x00007f1a485f2000)]


Current CompileTask:
C2:   1550 2415       4       org.apache.maven.model.interpolation.StringSearchModelInterpolator$InterpolateObjectAction::traverseObjectWithParents (49 bytes)

Stack: [0x00007f1a484f1000,0x00007f1a485f2000],  sp=0x00007f1a485ed3e0,  free space=1008k
Native frames: (J=compiled Java code, A=aot compiled Java code, j=interpreted, Vv=VM code, C=native code)
V  [libjvm.so+0x8142b5]  PhaseCFG::schedule_node_into_block(Node*, Block*)+0xa5
V  [libjvm.so+0x81b24c]  PhaseCFG::schedule_pinned_nodes(VectorSet&)+0x57c
V  [libjvm.so+0x81b39e]  PhaseCFG::global_code_motion()+0x10e
V  [libjvm.so+0x81beea]  PhaseCFG::do_global_code_motion()+0x4a
V  [libjvm.so+0x669fd5]  Compile::Code_Gen()+0x1d5
V  [libjvm.so+0x66d600]  Compile::Compile(ciEnv*, C2Compiler*, ciMethod*, int, bool, bool, bool, DirectiveSet*)+0xc80
V  [libjvm.so+0x57a2c1]  C2Compiler::compile_method(ciEnv*, ciMethod*, int, DirectiveSet*)+0xb1
V  [libjvm.so+0x6774e2]  CompileBroker::invoke_compiler_on_method(CompileTask*)+0x4e2
V  [libjvm.so+0x678fb8]  CompileBroker::compiler_thread_loop()+0x528
V  [libjvm.so+0xdf4efd]  JavaThread::thread_main_inner()+0x21d
V  [libjvm.so+0xdf52a7]  JavaThread::run()+0x377
V  [libjvm.so+0xc3a900]  thread_native_entry(Thread*)+0xf0


siginfo: si_signo: 11 (SIGSEGV), si_code: 1 (SEGV_MAPERR), si_addr: 0x00007f1204259318

Register to memory mapping:

RAX=0x0000000000000001 is an unknown value
RBX=0x00007f1204259318 is an unknown value
RCX=0x00007f1a2030dd30 points into unknown readable memory
RDX=0x0000000000000003 is an unknown value
RSP=0x00007f1a485ed3e0 is pointing into the stack for thread: 0x00007f1a701cf800
RBP=0x00007f1a485ed430 is pointing into the stack for thread: 0x00007f1a701cf800
RSI=0x00007f1a202bccb8 points into unknown readable memory
RDI=0x00007f1a202bccb0 points into unknown readable memory
R8 =0xfffffffffffffffc is an unknown value
R9 =0x00007f1a202bcca0 points into unknown readable memory
R10=0x0 is NULL
R11=0x0000000000000001 is an unknown value
R12=0x00007f1204259320 is an unknown value
R13=0x00007f1a2c12bb58 points into unknown readable memory
R14=0x00007f1a485ed920 is pointing into the stack for thread: 0x00007f1a701cf800
R15=0x00007f1a70b5b5c0 points into unknown readable memory


Registers:
RAX=0x0000000000000001, RBX=0x00007f1204259318, RCX=0x00007f1a2030dd30, RDX=0x0000000000000003
RSP=0x00007f1a485ed3e0, RBP=0x00007f1a485ed430, RSI=0x00007f1a202bccb8, RDI=0x00007f1a202bccb0
R8 =0xfffffffffffffffc, R9 =0x00007f1a202bcca0, R10=0x0000000000000000, R11=0x0000000000000001
R12=0x00007f1204259320, R13=0x00007f1a2c12bb58, R14=0x00007f1a485ed920, R15=0x00007f1a70b5b5c0
RIP=0x00007f1a76a9c2b5, EFLAGS=0x0000000000010283, CSGSFS=0x002b000000000033, ERR=0x0000000000000004
  TRAPNO=0x000000000000000e

Top of Stack: (sp=0x00007f1a485ed3e0)
0x00007f1a485ed3e0:   00007f1a485ed988 00007f1a70b5b5d0
0x00007f1a485ed3f0:   0000000400000001 00007f1a202a1170
0x00007f1a485ed400:   00007f1a485ed430 00007f1a485ed920
0x00007f1a485ed410:   0000000000000000 00007f1a042591c8 

Instructions: (pc=0x00007f1a76a9c2b5)
0x00007f1a76a9c295:   24 10 4c 8d 24 c3 4c 39 e3 72 15 e9 bb 00 00 00
0x00007f1a76a9c2a5:   0f 1f 00 48 83 c3 08 4c 39 e3 0f 83 ab 00 00 00
0x00007f1a76a9c2b5:   4c 8b 2b 41 0f b7 45 2c 83 e0 0f 66 83 f8 08 75
0x00007f1a76a9c2c5:   e2 41 8b 45 28 49 8b 7e 78 48 8b 3c c7 48 89 c6 


---------------  P R O C E S S  ---------------

Threads class SMR info:
_java_thread_list=0x00007f1a201d0200, length=11, elements={
0x00007f1a70013800, 0x00007f1a701b7000, 0x00007f1a701bb000, 0x00007f1a701cd800,
0x00007f1a701cf800, 0x00007f1a701d1800, 0x00007f1a701d3800, 0x00007f1a70256800,
0x00007f1a70340000, 0x00007f1a70341000, 0x00007f1a201ce800
}

Java Threads: ( => current thread )
  0x00007f1a70013800 JavaThread "main" [_thread_in_Java, id=10045, stack(0x00007f1a784a9000,0x00007f1a785aa000)]
  0x00007f1a701b7000 JavaThread "Reference Handler" daemon [_thread_blocked, id=10052, stack(0x00007f1a492f8000,0x00007f1a493f9000)]
  0x00007f1a701bb000 JavaThread "Finalizer" daemon [_thread_blocked, id=10053, stack(0x00007f1a491f7000,0x00007f1a492f8000)]
  0x00007f1a701cd800 JavaThread "Signal Dispatcher" daemon [_thread_blocked, id=10054, stack(0x00007f1a485f2000,0x00007f1a486f3000)]
=>0x00007f1a701cf800 JavaThread "C2 CompilerThread0" daemon [_thread_in_native, id=10055, stack(0x00007f1a484f1000,0x00007f1a485f2000)]
  0x00007f1a701d1800 JavaThread "C1 CompilerThread0" daemon [_thread_in_vm, id=10056, stack(0x00007f1a483f0000,0x00007f1a484f1000)]
  0x00007f1a701d3800 JavaThread "Sweeper thread" daemon [_thread_blocked, id=10057, stack(0x00007f1a482ef000,0x00007f1a483f0000)]
  0x00007f1a70256800 JavaThread "Common-Cleaner" daemon [_thread_blocked, id=10058, stack(0x00007f1a481ee000,0x00007f1a482ef000)]
  0x00007f1a70340000 JavaThread "Monitor Ctrl-Break" daemon [_thread_in_native, id=10059, stack(0x00007f1a480ed000,0x00007f1a481ee000)]
  0x00007f1a70341000 JavaThread "Service Thread" daemon [_thread_blocked, id=10060, stack(0x00007f1a1fad7000,0x00007f1a1fbd8000)]
  0x00007f1a201ce800 JavaThread "C2 CompilerThread1" daemon [_thread_in_native, id=10062, stack(0x00007f1a1f4d1000,0x00007f1a1f5d2000)]

Other Threads:
  0x00007f1a701ae800 VMThread "VM Thread" [stack: 0x00007f1a493fb000,0x00007f1a494fb000] [id=10051]
  0x00007f1a70342800 WatcherThread [stack: 0x00007f1a1f9d7000,0x00007f1a1fad7000] [id=10061]
  0x00007f1a7003b800 GCTaskThread "GC Thread#0" [stack: 0x00007f1a7475e000,0x00007f1a7485e000] [id=10046]
  0x00007f1a3c001000 GCTaskThread "GC Thread#1" [stack: 0x00007f1a1f1d1000,0x00007f1a1f2d1000] [id=10063]
  0x00007f1a7006c000 ConcurrentGCThread "G1 Main Marker" [stack: 0x00007f1a74258000,0x00007f1a74358000] [id=10047]
  0x00007f1a7006e000 ConcurrentGCThread "G1 Conc#0" [stack: 0x00007f1a74156000,0x00007f1a74256000] [id=10048]
  0x00007f1a700e6000 ConcurrentGCThread "G1 Refine#0" [stack: 0x00007f1a49dff000,0x00007f1a49eff000] [id=10049]
  0x00007f1a700e8000 ConcurrentGCThread "G1 Young RemSet Sampling" [stack: 0x00007f1a49cfd000,0x00007f1a49dfd000] [id=10050]

Threads with active compile tasks:
C2 CompilerThread02415       4       org.apache.maven.model.interpolation.StringSearchModelInterpolator$InterpolateObjectAction::traverseObjectWithParents (49 bytes)
C1 CompilerThread02580       3       java.util.ArrayList::indexOf (11 bytes)
C2 CompilerThread12574       4       java.util.LinkedHashMap::keySet (25 bytes)

VM state:not at safepoint (normal execution)

VM Mutex/Monitor currently owned by a thread: None

Heap address: 0x0000000085400000, size: 1964 MB, Compressed Oops mode: 32-bit
Narrow klass base: 0x0000000000000000, Narrow klass shift: 3
Compressed class space size: 1073741824 Address: 0x0000000100000000

Heap:
 garbage-first heap   total 126976K, used 15943K [0x0000000085400000, 0x0000000100000000)
  region size 1024K, 14 young (14336K), 4 survivors (4096K)
 Metaspace       used 21333K, capacity 21744K, committed 22064K, reserved 1069056K
  class space    used 2314K, capacity 2419K, committed 2432K, reserved 1048576K
Heap Regions: E=young(eden), S=young(survivor), O=old, HS=humongous(starts), HC=humongous(continues), CS=collection set, F=free, A=archive, TAMS=top-at-mark-start (previous, next)
|   0|0x0000000085400000, 0x0000000085500000, 0x0000000085500000|100%| O|  |TAMS 0x0000000085500000, 0x0000000085400000| Untracked 
|   1|0x0000000085500000, 0x0000000085600000, 0x0000000085600000|100%| O|  |TAMS 0x0000000085600000, 0x0000000085500000| Untracked 
|   2|0x0000000085600000, 0x00000000856f5000, 0x0000000085700000| 95%| O|  |TAMS 0x00000000856f5000, 0x0000000085600000| Untracked 
|   3|0x0000000085700000, 0x0000000085700000, 0x0000000085800000|  0%| F|  |TAMS 0x0000000085700000, 0x0000000085700000| Untracked 
|   4|0x0000000085800000, 0x0000000085800000, 0x0000000085900000|  0%| F|  |TAMS 0x0000000085800000, 0x0000000085800000| Untracked 
|   5|0x0000000085900000, 0x0000000085900000, 0x0000000085a00000|  0%| F|  |TAMS 0x0000000085900000, 0x0000000085900000| Untracked 
|   6|0x0000000085a00000, 0x0000000085a00000, 0x0000000085b00000|  0%| F|  |TAMS 0x0000000085a00000, 0x0000000085a00000| Untracked 
|   7|0x0000000085b00000, 0x0000000085b00000, 0x0000000085c00000|  0%| F|  |TAMS 0x0000000085b00000, 0x0000000085b00000| Untracked 
|   8|0x0000000085c00000, 0x0000000085c00000, 0x0000000085d00000|  0%| F|  |TAMS 0x0000000085c00000, 0x0000000085c00000| Untracked 
|   9|0x0000000085d00000, 0x0000000085d00000, 0x0000000085e00000|  0%| F|  |TAMS 0x0000000085d00000, 0x0000000085d00000| Untracked 
|  10|0x0000000085e00000, 0x0000000085e00000, 0x0000000085f00000|  0%| F|  |TAMS 0x0000000085e00000, 0x0000000085e00000| Untracked 
|  11|0x0000000085f00000, 0x0000000085f00000, 0x0000000086000000|  0%| F|  |TAMS 0x0000000085f00000, 0x0000000085f00000| Untracked 
|  12|0x0000000086000000, 0x0000000086000000, 0x0000000086100000|  0%| F|  |TAMS 0x0000000086000000, 0x0000000086000000| Untracked 
|  13|0x0000000086100000, 0x0000000086100000, 0x0000000086200000|  0%| F|  |TAMS 0x0000000086100000, 0x0000000086100000| Untracked 
|  14|0x0000000086200000, 0x0000000086200000, 0x0000000086300000|  0%| F|  |TAMS 0x0000000086200000, 0x0000000086200000| Untracked 
|  15|0x0000000086300000, 0x0000000086300000, 0x0000000086400000|  0%| F|  |TAMS 0x0000000086300000, 0x0000000086300000| Untracked 
|  16|0x0000000086400000, 0x0000000086400000, 0x0000000086500000|  0%| F|  |TAMS 0x0000000086400000, 0x0000000086400000| Untracked 
|  17|0x0000000086500000, 0x0000000086500000, 0x0000000086600000|  0%| F|  |TAMS 0x0000000086500000, 0x0000000086500000| Untracked 
|  18|0x0000000086600000, 0x0000000086600000, 0x0000000086700000|  0%| F|  |TAMS 0x0000000086600000, 0x0000000086600000| Untracked 
|  19|0x0000000086700000, 0x0000000086700000, 0x0000000086800000|  0%| F|  |TAMS 0x0000000086700000, 0x0000000086700000| Untracked 
|  20|0x0000000086800000, 0x0000000086800000, 0x0000000086900000|  0%| F|  |TAMS 0x0000000086800000, 0x0000000086800000| Untracked 
|  21|0x0000000086900000, 0x0000000086900000, 0x0000000086a00000|  0%| F|  |TAMS 0x0000000086900000, 0x0000000086900000| Untracked 
|  22|0x0000000086a00000, 0x0000000086a00000, 0x0000000086b00000|  0%| F|  |TAMS 0x0000000086a00000, 0x0000000086a00000| Untracked 
|  23|0x0000000086b00000, 0x0000000086b00000, 0x0000000086c00000|  0%| F|  |TAMS 0x0000000086b00000, 0x0000000086b00000| Untracked 
|  24|0x0000000086c00000, 0x0000000086c00000, 0x0000000086d00000|  0%| F|  |TAMS 0x0000000086c00000, 0x0000000086c00000| Untracked 
|  25|0x0000000086d00000, 0x0000000086d00000, 0x0000000086e00000|  0%| F|  |TAMS 0x0000000086d00000, 0x0000000086d00000| Untracked 
|  26|0x0000000086e00000, 0x0000000086e00000, 0x0000000086f00000|  0%| F|  |TAMS 0x0000000086e00000, 0x0000000086e00000| Untracked 
|  27|0x0000000086f00000, 0x0000000086f00000, 0x0000000087000000|  0%| F|  |TAMS 0x0000000086f00000, 0x0000000086f00000| Untracked 
|  28|0x0000000087000000, 0x0000000087000000, 0x0000000087100000|  0%| F|  |TAMS 0x0000000087000000, 0x0000000087000000| Untracked 
|  29|0x0000000087100000, 0x0000000087100000, 0x0000000087200000|  0%| F|  |TAMS 0x0000000087100000, 0x0000000087100000| Untracked 
|  30|0x0000000087200000, 0x0000000087200000, 0x0000000087300000|  0%| F|  |TAMS 0x0000000087200000, 0x0000000087200000| Untracked 
|  31|0x0000000087300000, 0x0000000087300000, 0x0000000087400000|  0%| F|  |TAMS 0x0000000087300000, 0x0000000087300000| Untracked 
|  32|0x0000000087400000, 0x0000000087400000, 0x0000000087500000|  0%| F|  |TAMS 0x0000000087400000, 0x0000000087400000| Untracked 
|  33|0x0000000087500000, 0x0000000087500000, 0x0000000087600000|  0%| F|  |TAMS 0x0000000087500000, 0x0000000087500000| Untracked 
|  34|0x0000000087600000, 0x0000000087600000, 0x0000000087700000|  0%| F|  |TAMS 0x0000000087600000, 0x0000000087600000| Untracked 
|  35|0x0000000087700000, 0x0000000087700000, 0x0000000087800000|  0%| F|  |TAMS 0x0000000087700000, 0x0000000087700000| Untracked 
|  36|0x0000000087800000, 0x0000000087800000, 0x0000000087900000|  0%| F|  |TAMS 0x0000000087800000, 0x0000000087800000| Untracked 
|  37|0x0000000087900000, 0x0000000087900000, 0x0000000087a00000|  0%| F|  |TAMS 0x0000000087900000, 0x0000000087900000| Untracked 
|  38|0x0000000087a00000, 0x0000000087a00000, 0x0000000087b00000|  0%| F|  |TAMS 0x0000000087a00000, 0x0000000087a00000| Untracked 
|  39|0x0000000087b00000, 0x0000000087b00000, 0x0000000087c00000|  0%| F|  |TAMS 0x0000000087b00000, 0x0000000087b00000| Untracked 
|  40|0x0000000087c00000, 0x0000000087c00000, 0x0000000087d00000|  0%| F|  |TAMS 0x0000000087c00000, 0x0000000087c00000| Untracked 
|  41|0x0000000087d00000, 0x0000000087d00000, 0x0000000087e00000|  0%| F|  |TAMS 0x0000000087d00000, 0x0000000087d00000| Untracked 
|  42|0x0000000087e00000, 0x0000000087e00000, 0x0000000087f00000|  0%| F|  |TAMS 0x0000000087e00000, 0x0000000087e00000| Untracked 
|  43|0x0000000087f00000, 0x0000000087f00000, 0x0000000088000000|  0%| F|  |TAMS 0x0000000087f00000, 0x0000000087f00000| Untracked 
|  44|0x0000000088000000, 0x0000000088000000, 0x0000000088100000|  0%| F|  |TAMS 0x0000000088000000, 0x0000000088000000| Untracked 
|  45|0x0000000088100000, 0x0000000088100000, 0x0000000088200000|  0%| F|  |TAMS 0x0000000088100000, 0x0000000088100000| Untracked 
|  46|0x0000000088200000, 0x0000000088200000, 0x0000000088300000|  0%| F|  |TAMS 0x0000000088200000, 0x0000000088200000| Untracked 
|  47|0x0000000088300000, 0x0000000088300000, 0x0000000088400000|  0%| F|  |TAMS 0x0000000088300000, 0x0000000088300000| Untracked 
|  48|0x0000000088400000, 0x0000000088400000, 0x0000000088500000|  0%| F|  |TAMS 0x0000000088400000, 0x0000000088400000| Untracked 
|  49|0x0000000088500000, 0x0000000088500000, 0x0000000088600000|  0%| F|  |TAMS 0x0000000088500000, 0x0000000088500000| Untracked 
|  50|0x0000000088600000, 0x0000000088600000, 0x0000000088700000|  0%| F|  |TAMS 0x0000000088600000, 0x0000000088600000| Untracked 
|  51|0x0000000088700000, 0x0000000088700000, 0x0000000088800000|  0%| F|  |TAMS 0x0000000088700000, 0x0000000088700000| Untracked 
|  52|0x0000000088800000, 0x0000000088800000, 0x0000000088900000|  0%| F|  |TAMS 0x0000000088800000, 0x0000000088800000| Untracked 
|  53|0x0000000088900000, 0x0000000088900000, 0x0000000088a00000|  0%| F|  |TAMS 0x0000000088900000, 0x0000000088900000| Untracked 
|  54|0x0000000088a00000, 0x0000000088a00000, 0x0000000088b00000|  0%| F|  |TAMS 0x0000000088a00000, 0x0000000088a00000| Untracked 
|  55|0x0000000088b00000, 0x0000000088b00000, 0x0000000088c00000|  0%| F|  |TAMS 0x0000000088b00000, 0x0000000088b00000| Untracked 
|  56|0x0000000088c00000, 0x0000000088c00000, 0x0000000088d00000|  0%| F|  |TAMS 0x0000000088c00000, 0x0000000088c00000| Untracked 
|  57|0x0000000088d00000, 0x0000000088d00000, 0x0000000088e00000|  0%| F|  |TAMS 0x0000000088d00000, 0x0000000088d00000| Untracked 
|  58|0x0000000088e00000, 0x0000000088e00000, 0x0000000088f00000|  0%| F|  |TAMS 0x0000000088e00000, 0x0000000088e00000| Untracked 
|  59|0x0000000088f00000, 0x0000000088f00000, 0x0000000089000000|  0%| F|  |TAMS 0x0000000088f00000, 0x0000000088f00000| Untracked 
|  60|0x0000000089000000, 0x0000000089000000, 0x0000000089100000|  0%| F|  |TAMS 0x0000000089000000, 0x0000000089000000| Untracked 
|  61|0x0000000089100000, 0x0000000089100000, 0x0000000089200000|  0%| F|  |TAMS 0x0000000089100000, 0x0000000089100000| Untracked 
|  62|0x0000000089200000, 0x0000000089200000, 0x0000000089300000|  0%| F|  |TAMS 0x0000000089200000, 0x0000000089200000| Untracked 
|  63|0x0000000089300000, 0x0000000089300000, 0x0000000089400000|  0%| F|  |TAMS 0x0000000089300000, 0x0000000089300000| Untracked 
|  64|0x0000000089400000, 0x0000000089400000, 0x0000000089500000|  0%| F|  |TAMS 0x0000000089400000, 0x0000000089400000| Untracked 
|  65|0x0000000089500000, 0x0000000089500000, 0x0000000089600000|  0%| F|  |TAMS 0x0000000089500000, 0x0000000089500000| Untracked 
|  66|0x0000000089600000, 0x0000000089600000, 0x0000000089700000|  0%| F|  |TAMS 0x0000000089600000, 0x0000000089600000| Untracked 
|  67|0x0000000089700000, 0x0000000089700000, 0x0000000089800000|  0%| F|  |TAMS 0x0000000089700000, 0x0000000089700000| Untracked 
|  68|0x0000000089800000, 0x0000000089800000, 0x0000000089900000|  0%| F|  |TAMS 0x0000000089800000, 0x0000000089800000| Untracked 
|  69|0x0000000089900000, 0x0000000089900000, 0x0000000089a00000|  0%| F|  |TAMS 0x0000000089900000, 0x0000000089900000| Untracked 
|  70|0x0000000089a00000, 0x0000000089a00000, 0x0000000089b00000|  0%| F|  |TAMS 0x0000000089a00000, 0x0000000089a00000| Untracked 
|  71|0x0000000089b00000, 0x0000000089b00000, 0x0000000089c00000|  0%| F|  |TAMS 0x0000000089b00000, 0x0000000089b00000| Untracked 
|  72|0x0000000089c00000, 0x0000000089c00000, 0x0000000089d00000|  0%| F|  |TAMS 0x0000000089c00000, 0x0000000089c00000| Untracked 
|  73|0x0000000089d00000, 0x0000000089d00000, 0x0000000089e00000|  0%| F|  |TAMS 0x0000000089d00000, 0x0000000089d00000| Untracked 
|  74|0x0000000089e00000, 0x0000000089e00000, 0x0000000089f00000|  0%| F|  |TAMS 0x0000000089e00000, 0x0000000089e00000| Untracked 
|  75|0x0000000089f00000, 0x0000000089f00000, 0x000000008a000000|  0%| F|  |TAMS 0x0000000089f00000, 0x0000000089f00000| Untracked 
|  76|0x000000008a000000, 0x000000008a000000, 0x000000008a100000|  0%| F|  |TAMS 0x000000008a000000, 0x000000008a000000| Untracked 
|  77|0x000000008a100000, 0x000000008a100000, 0x000000008a200000|  0%| F|  |TAMS 0x000000008a100000, 0x000000008a100000| Untracked 
|  78|0x000000008a200000, 0x000000008a200000, 0x000000008a300000|  0%| F|  |TAMS 0x000000008a200000, 0x000000008a200000| Untracked 
|  79|0x000000008a300000, 0x000000008a300000, 0x000000008a400000|  0%| F|  |TAMS 0x000000008a300000, 0x000000008a300000| Untracked 
|  80|0x000000008a400000, 0x000000008a400000, 0x000000008a500000|  0%| F|  |TAMS 0x000000008a400000, 0x000000008a400000| Untracked 
|  81|0x000000008a500000, 0x000000008a500000, 0x000000008a600000|  0%| F|  |TAMS 0x000000008a500000, 0x000000008a500000| Untracked 
|  82|0x000000008a600000, 0x000000008a600000, 0x000000008a700000|  0%| F|  |TAMS 0x000000008a600000, 0x000000008a600000| Untracked 
|  83|0x000000008a700000, 0x000000008a700000, 0x000000008a800000|  0%| F|  |TAMS 0x000000008a700000, 0x000000008a700000| Untracked 
|  84|0x000000008a800000, 0x000000008a800000, 0x000000008a900000|  0%| F|  |TAMS 0x000000008a800000, 0x000000008a800000| Untracked 
|  85|0x000000008a900000, 0x000000008a900000, 0x000000008aa00000|  0%| F|  |TAMS 0x000000008a900000, 0x000000008a900000| Untracked 
|  86|0x000000008aa00000, 0x000000008aa00000, 0x000000008ab00000|  0%| F|  |TAMS 0x000000008aa00000, 0x000000008aa00000| Untracked 
|  87|0x000000008ab00000, 0x000000008ab00000, 0x000000008ac00000|  0%| F|  |TAMS 0x000000008ab00000, 0x000000008ab00000| Untracked 
|  88|0x000000008ac00000, 0x000000008ac00000, 0x000000008ad00000|  0%| F|  |TAMS 0x000000008ac00000, 0x000000008ac00000| Untracked 
|  89|0x000000008ad00000, 0x000000008ad00000, 0x000000008ae00000|  0%| F|  |TAMS 0x000000008ad00000, 0x000000008ad00000| Untracked 
|  90|0x000000008ae00000, 0x000000008ae00000, 0x000000008af00000|  0%| F|  |TAMS 0x000000008ae00000, 0x000000008ae00000| Untracked 
|  91|0x000000008af00000, 0x000000008af00000, 0x000000008b000000|  0%| F|  |TAMS 0x000000008af00000, 0x000000008af00000| Untracked 
|  92|0x000000008b000000, 0x000000008b000000, 0x000000008b100000|  0%| F|  |TAMS 0x000000008b000000, 0x000000008b000000| Untracked 
|  93|0x000000008b100000, 0x000000008b100000, 0x000000008b200000|  0%| F|  |TAMS 0x000000008b100000, 0x000000008b100000| Untracked 
|  94|0x000000008b200000, 0x000000008b200000, 0x000000008b300000|  0%| F|  |TAMS 0x000000008b200000, 0x000000008b200000| Untracked 
|  95|0x000000008b300000, 0x000000008b300000, 0x000000008b400000|  0%| F|  |TAMS 0x000000008b300000, 0x000000008b300000| Untracked 
|  96|0x000000008b400000, 0x000000008b400000, 0x000000008b500000|  0%| F|  |TAMS 0x000000008b400000, 0x000000008b400000| Untracked 
|  97|0x000000008b500000, 0x000000008b500000, 0x000000008b600000|  0%| F|  |TAMS 0x000000008b500000, 0x000000008b500000| Untracked 
|  98|0x000000008b600000, 0x000000008b600000, 0x000000008b700000|  0%| F|  |TAMS 0x000000008b600000, 0x000000008b600000| Untracked 
|  99|0x000000008b700000, 0x000000008b700000, 0x000000008b800000|  0%| F|  |TAMS 0x000000008b700000, 0x000000008b700000| Untracked 
| 100|0x000000008b800000, 0x000000008b800000, 0x000000008b900000|  0%| F|  |TAMS 0x000000008b800000, 0x000000008b800000| Untracked 
| 101|0x000000008b900000, 0x000000008b900000, 0x000000008ba00000|  0%| F|  |TAMS 0x000000008b900000, 0x000000008b900000| Untracked 
| 102|0x000000008ba00000, 0x000000008ba00000, 0x000000008bb00000|  0%| F|  |TAMS 0x000000008ba00000, 0x000000008ba00000| Untracked 
| 103|0x000000008bb00000, 0x000000008bb00000, 0x000000008bc00000|  0%| F|  |TAMS 0x000000008bb00000, 0x000000008bb00000| Untracked 
| 104|0x000000008bc00000, 0x000000008bc00000, 0x000000008bd00000|  0%| F|  |TAMS 0x000000008bc00000, 0x000000008bc00000| Untracked 
| 105|0x000000008bd00000, 0x000000008bd9cd98, 0x000000008be00000| 61%| S|CS|TAMS 0x000000008bd00000, 0x000000008bd00000| Complete 
| 106|0x000000008be00000, 0x000000008bf00000, 0x000000008bf00000|100%| S|CS|TAMS 0x000000008be00000, 0x000000008be00000| Complete 
| 107|0x000000008bf00000, 0x000000008c000000, 0x000000008c000000|100%| S|CS|TAMS 0x000000008bf00000, 0x000000008bf00000| Complete 
| 108|0x000000008c000000, 0x000000008c100000, 0x000000008c100000|100%| S|CS|TAMS 0x000000008c000000, 0x000000008c000000| Complete 
| 109|0x000000008c100000, 0x000000008c100000, 0x000000008c200000|  0%| F|  |TAMS 0x000000008c100000, 0x000000008c100000| Untracked 
| 110|0x000000008c200000, 0x000000008c200000, 0x000000008c300000|  0%| F|  |TAMS 0x000000008c200000, 0x000000008c200000| Untracked 
| 111|0x000000008c300000, 0x000000008c300000, 0x000000008c400000|  0%| F|  |TAMS 0x000000008c300000, 0x000000008c300000| Untracked 
| 112|0x000000008c400000, 0x000000008c400000, 0x000000008c500000|  0%| F|  |TAMS 0x000000008c400000, 0x000000008c400000| Untracked 
| 113|0x000000008c500000, 0x000000008c500000, 0x000000008c600000|  0%| F|  |TAMS 0x000000008c500000, 0x000000008c500000| Untracked 
| 114|0x000000008c600000, 0x000000008c700000, 0x000000008c700000|100%| E|  |TAMS 0x000000008c600000, 0x000000008c600000| Complete 
| 115|0x000000008c700000, 0x000000008c800000, 0x000000008c800000|100%| E|CS|TAMS 0x000000008c700000, 0x000000008c700000| Complete 
| 116|0x000000008c800000, 0x000000008c900000, 0x000000008c900000|100%| E|CS|TAMS 0x000000008c800000, 0x000000008c800000| Complete 
| 117|0x000000008c900000, 0x000000008ca00000, 0x000000008ca00000|100%| E|CS|TAMS 0x000000008c900000, 0x000000008c900000| Complete 
| 118|0x000000008ca00000, 0x000000008cb00000, 0x000000008cb00000|100%| E|CS|TAMS 0x000000008ca00000, 0x000000008ca00000| Complete 
| 119|0x000000008cb00000, 0x000000008cc00000, 0x000000008cc00000|100%| E|CS|TAMS 0x000000008cb00000, 0x000000008cb00000| Complete 
| 120|0x000000008cc00000, 0x000000008cd00000, 0x000000008cd00000|100%| E|CS|TAMS 0x000000008cc00000, 0x000000008cc00000| Complete 
| 121|0x000000008cd00000, 0x000000008ce00000, 0x000000008ce00000|100%| E|CS|TAMS 0x000000008cd00000, 0x000000008cd00000| Complete 
| 122|0x000000008ce00000, 0x000000008cf00000, 0x000000008cf00000|100%| E|  |TAMS 0x000000008ce00000, 0x000000008ce00000| Complete 
| 123|0x000000008cf00000, 0x000000008d000000, 0x000000008d000000|100%| E|  |TAMS 0x000000008cf00000, 0x000000008cf00000| Complete 

Card table byte_map: [0x00007f1a58499000,0x00007f1a5886f000] _byte_map_base: 0x00007f1a5806f000

Marking Bits (Prev, Next): (CMBitMap*) 0x00007f1a700638d0, (CMBitMap*) 0x00007f1a70063898
 Prev Bits: [0x00007f1a502a0000, 0x00007f1a52150000)
 Next Bits: [0x00007f1a52150000, 0x00007f1a54000000)

Polling page: 0x00007f1a785cf000

Metaspace:

Usage:
  Non-class:     18,87 MB capacity,    18,58 MB ( 98%) used,   273,30 KB (  1%) free+waste,    24,31 KB ( <1%) overhead. 
      Class:      2,36 MB capacity,     2,26 MB ( 96%) used,    94,10 KB (  4%) free+waste,     9,69 KB ( <1%) overhead. 
       Both:     21,23 MB capacity,    20,84 MB ( 98%) used,   367,41 KB (  2%) free+waste,    34,00 KB ( <1%) overhead. 

Virtual space:
  Non-class space:       20,00 MB reserved,      19,17 MB ( 96%) committed 
      Class space:        1,00 GB reserved,       2,38 MB ( <1%) committed 
             Both:        1,02 GB reserved,      21,55 MB (  2%) committed 

Chunk freelists:
   Non-Class:  32,88 KB
       Class:  1,62 KB
        Both:  34,50 KB

CodeHeap 'non-profiled nmethods': size=120032Kb used=1016Kb max_used=1016Kb free=119015Kb
 bounds [0x00007f1a6070d000, 0x00007f1a6097d000, 0x00007f1a67c45000]
CodeHeap 'profiled nmethods': size=120032Kb used=5204Kb max_used=5204Kb free=114827Kb
 bounds [0x00007f1a591d5000, 0x00007f1a596f5000, 0x00007f1a6070d000]
CodeHeap 'non-nmethods': size=5696Kb used=1090Kb max_used=1111Kb free=4605Kb
 bounds [0x00007f1a58c45000, 0x00007f1a58eb5000, 0x00007f1a591d5000]
 total_blobs=3510 nmethods=2561 adapters=324
 compilation: enabled
              stopped_count=0, restarted_count=0
 full_count=0

Compilation events (10 events):
Event: 1,488 Thread 0x00007f1a701d1800 nmethod 2517 0x00007f1a596b5010 code [0x00007f1a596b51c0, 0x00007f1a596b5430]
Event: 1,490 Thread 0x00007f1a201ce800 nmethod 2439 0x00007f1a60802290 code [0x00007f1a60802480, 0x00007f1a60803078]
Event: 1,490 Thread 0x00007f1a201ce800 2514       4       java.util.zip.ZipUtils::CENSIG (8 bytes)
Event: 1,491 Thread 0x00007f1a701d1800 2519       3       sun.net.www.protocol.file.Handler::parseURL (18 bytes)
Event: 1,491 Thread 0x00007f1a701d1800 nmethod 2519 0x00007f1a596b5510 code [0x00007f1a596b56e0, 0x00007f1a596b58d8]
Event: 1,491 Thread 0x00007f1a701d1800 2520       3       java.net.URLStreamHandler::parseURL (1201 bytes)
Event: 1,491 Thread 0x00007f1a201ce800 nmethod 2514 0x00007f1a60803590 code [0x00007f1a60803720, 0x00007f1a608037f8]
Event: 1,491 Thread 0x00007f1a201ce800 2515       4       java.util.zip.ZipFile$Source::isMetaName (141 bytes)
Event: 1,494 Thread 0x00007f1a201ce800 nmethod 2515 0x00007f1a60803910 code [0x00007f1a60803ac0, 0x00007f1a60803d18]
Event: 1,494 Thread 0x00007f1a201ce800 2522       4       java.util.jar.Manifest$FastInputStream::readLine (296 bytes)

GC Heap History (8 events):
Event: 0,381 GC heap before
{Heap before GC invocations=0 (full 0):
 garbage-first heap   total 126976K, used 14336K [0x0000000085400000, 0x0000000100000000)
  region size 1024K, 14 young (14336K), 0 survivors (0K)
 Metaspace       used 11230K, capacity 11433K, committed 11776K, reserved 1060864K
  class space    used 1108K, capacity 1194K, committed 1280K, reserved 1048576K
}
Event: 0,387 GC heap after
{Heap after GC invocations=1 (full 0):
 garbage-first heap   total 126976K, used 3001K [0x0000000085400000, 0x0000000100000000)
  region size 1024K, 2 young (2048K), 2 survivors (2048K)
 Metaspace       used 11230K, capacity 11433K, committed 11776K, reserved 1060864K
  class space    used 1108K, capacity 1194K, committed 1280K, reserved 1048576K
}
Event: 0,636 GC heap before
{Heap before GC invocations=1 (full 0):
 garbage-first heap   total 126976K, used 21433K [0x0000000085400000, 0x0000000100000000)
  region size 1024K, 20 young (20480K), 2 survivors (2048K)
 Metaspace       used 13475K, capacity 13785K, committed 14080K, reserved 1062912K
  class space    used 1404K, capacity 1486K, committed 1536K, reserved 1048576K
}
Event: 0,641 GC heap after
{Heap after GC invocations=2 (full 0):
 garbage-first heap   total 126976K, used 3837K [0x0000000085400000, 0x0000000100000000)
  region size 1024K, 1 young (1024K), 1 survivors (1024K)
 Metaspace       used 13475K, capacity 13785K, committed 14080K, reserved 1062912K
  class space    used 1404K, capacity 1486K, committed 1536K, reserved 1048576K
}
Event: 1,137 GC heap before
{Heap before GC invocations=2 (full 0):
 garbage-first heap   total 126976K, used 31485K [0x0000000085400000, 0x0000000100000000)
  region size 1024K, 28 young (28672K), 1 survivors (1024K)
 Metaspace       used 19014K, capacity 19400K, committed 19968K, reserved 1067008K
  class space    used 2087K, capacity 2214K, committed 2304K, reserved 1048576K
}
Event: 1,141 GC heap after
{Heap after GC invocations=3 (full 0):
 garbage-first heap   total 126976K, used 5654K [0x0000000085400000, 0x0000000100000000)
  region size 1024K, 3 young (3072K), 3 survivors (3072K)
 Metaspace       used 19014K, capacity 19400K, committed 19968K, reserved 1067008K
  class space    used 2087K, capacity 2214K, committed 2304K, reserved 1048576K
}
Event: 1,412 GC heap before
{Heap before GC invocations=3 (full 0):
 garbage-first heap   total 126976K, used 19990K [0x0000000085400000, 0x0000000100000000)
  region size 1024K, 18 young (18432K), 3 survivors (3072K)
 Metaspace       used 20518K, capacity 20888K, committed 21296K, reserved 1069056K
  class space    used 2210K, capacity 2347K, committed 2432K, reserved 1048576K
}
Event: 1,420 GC heap after
{Heap after GC invocations=4 (full 0):
 garbage-first heap   total 126976K, used 6727K [0x0000000085400000, 0x0000000100000000)
  region size 1024K, 4 young (4096K), 4 survivors (4096K)
 Metaspace       used 20518K, capacity 20888K, committed 21296K, reserved 1069056K
  class space    used 2210K, capacity 2347K, committed 2432K, reserved 1048576K
}

Deoptimization events (10 events):
Event: 1,270 Thread 0x00007f1a70013800 Uncommon trap: reason=unstable_if action=reinterpret pc=0x00007f1a6078ddd4 method=java.util.HashMap.hash(Ljava/lang/Object;)I @ 1 c2
Event: 1,270 Thread 0x00007f1a70013800 Uncommon trap: reason=unstable_if action=reinterpret pc=0x00007f1a6071ddac method=java.util.HashMap.hash(Ljava/lang/Object;)I @ 1 c2
Event: 1,271 Thread 0x00007f1a70013800 Uncommon trap: reason=unstable_if action=reinterpret pc=0x00007f1a607ba8c4 method=java.util.HashMap.hash(Ljava/lang/Object;)I @ 1 c2
Event: 1,271 Thread 0x00007f1a70013800 Uncommon trap: reason=unstable_if action=reinterpret pc=0x00007f1a607b4094 method=java.util.HashMap.hash(Ljava/lang/Object;)I @ 1 c2
Event: 1,439 Thread 0x00007f1a70013800 Uncommon trap: reason=unstable_if action=reinterpret pc=0x00007f1a607d9074 method=org.codehaus.plexus.util.xml.pull.MXParser.nextImpl()I @ 972 c2
Event: 1,481 Thread 0x00007f1a70013800 Uncommon trap: reason=unstable_if action=reinterpret pc=0x00007f1a607af7a0 method=com.google.inject.internal.MoreTypes.canonicalize(Ljava/lang/reflect/Type;)Ljava/lang/reflect/Type; @ 118 c2
Event: 1,481 Thread 0x00007f1a70013800 Uncommon trap: reason=unstable_if action=reinterpret pc=0x00007f1a607b2888 method=com.google.inject.internal.MoreTypes.canonicalize(Ljava/lang/reflect/Type;)Ljava/lang/reflect/Type; @ 16 c2
Event: 1,485 Thread 0x00007f1a70013800 Uncommon trap: reason=intrinsic_or_type_checked_inlining action=make_not_entrant pc=0x00007f1a607ee870 method=java.util.Arrays.copyOf([Ljava/lang/Object;ILjava/lang/Class;)[Ljava/lang/Object; @ 35 c2
Event: 1,491 Thread 0x00007f1a70013800 Uncommon trap: reason=unstable_if action=reinterpret pc=0x00007f1a60766f28 method=java.io.Reader.read()I @ 12 c2
Event: 1,494 Thread 0x00007f1a70013800 Uncommon trap: reason=unstable_if action=reinterpret pc=0x00007f1a6076b3e0 method=java.io.Reader.read()I @ 12 c2

Classes redefined (0 events):
No events

Internal exceptions (8 events):
Event: 0,244 Thread 0x00007f1a70013800 Exception <a 'java/lang/NoSuchMethodError'{0x000000008c991fb8}: java.lang.invoke.DirectMethodHandle$Holder.invokeSpecialIFC(Ljava/lang/Object;Ljava/lang/Object;I)I> (0x000000008c991fb8) thrown at [/scratch/opt/mach5/mesos/work_dir/slaves/83bb4d84-382c-4ea
Event: 0,994 Thread 0x00007f1a70013800 Exception <a 'java/lang/NoClassDefFoundError'{0x000000008b9f1ef8}: com/google/inject/servlet/ServletModuleTargetVisitor> (0x000000008b9f1ef8) thrown at [/scratch/opt/mach5/mesos/work_dir/slaves/83bb4d84-382c-4ead-b585-d8ef0018fefe-S6551/frameworks/1735e8a
Event: 0,994 Thread 0x00007f1a70013800 Exception <a 'java/lang/NoClassDefFoundError'{0x000000008b9f1ef8}> (0x000000008b9f1ef8) thrown at [/scratch/opt/mach5/mesos/work_dir/slaves/83bb4d84-382c-4ead-b585-d8ef0018fefe-S6551/frameworks/1735e8a2-a1db-478c-8104-60c8b0af87dd-0196/executors/69c12dab-
Event: 0,994 Thread 0x00007f1a70013800 Exception <a 'java/lang/NoClassDefFoundError'{0x000000008b9f4cb8}: javax/annotation/Priority> (0x000000008b9f4cb8) thrown at [/scratch/opt/mach5/mesos/work_dir/slaves/83bb4d84-382c-4ead-b585-d8ef0018fefe-S6551/frameworks/1735e8a2-a1db-478c-8104-60c8b0af87
Event: 1,270 Thread 0x00007f1a70013800 Implicit null exception at 0x00007f1a6078dbf5 to 0x00007f1a6078ddc2
Event: 1,270 Thread 0x00007f1a70013800 Implicit null exception at 0x00007f1a6071dd2f to 0x00007f1a6071dd9d
Event: 1,271 Thread 0x00007f1a70013800 Implicit null exception at 0x00007f1a607ba7fc to 0x00007f1a607ba8b6
Event: 1,271 Thread 0x00007f1a70013800 Implicit null exception at 0x00007f1a607b3ff8 to 0x00007f1a607b408a

Events (10 events):
Event: 1,494 Thread 0x00007f1a70013800 DEOPT PACKING pc=0x00007f1a6076b3e0 sp=0x00007f1a785a67d0
Event: 1,494 Thread 0x00007f1a70013800 DEOPT UNPACKING pc=0x00007f1a58c6d6a5 sp=0x00007f1a785a6780 mode 2
Event: 1,494 loading class org/apache/maven/shared/filtering/MavenFileFilter
Event: 1,494 loading class org/apache/maven/shared/filtering/MavenFileFilter done
Event: 1,495 loading class org/apache/maven/shared/filtering/MavenFileFilter
Event: 1,495 loading class org/apache/maven/shared/filtering/MavenFileFilter done
Event: 1,495 loading class org/apache/maven/shared/filtering/MavenResourcesFiltering
Event: 1,495 loading class org/apache/maven/shared/filtering/MavenResourcesFiltering done
Event: 1,496 loading class org/apache/maven/shared/filtering/MavenResourcesFiltering
Event: 1,496 loading class org/apache/maven/shared/filtering/MavenResourcesFiltering done


Dynamic libraries:
00400000-00401000 r-xp 00000000 08:01 29492680                           /home/dam2a/JavaSDK/jdk-11.0.1_linux-x64_bin/jdk-11.0.1/bin/java
00600000-00601000 r--p 00000000 08:01 29492680                           /home/dam2a/JavaSDK/jdk-11.0.1_linux-x64_bin/jdk-11.0.1/bin/java
00601000-00602000 rw-p 00001000 08:01 29492680                           /home/dam2a/JavaSDK/jdk-11.0.1_linux-x64_bin/jdk-11.0.1/bin/java
00940000-00961000 rw-p 00000000 00:00 0                                  [heap]
85400000-8d000000 rw-p 00000000 00:00 0 
8d000000-100000000 ---p 00000000 00:00 0 
100000000-100260000 rw-p 00000000 00:00 0 
100260000-140000000 ---p 00000000 00:00 0 
7f1a04000000-7f1a0435e000 rw-p 00000000 00:00 0 
7f1a0435e000-7f1a08000000 ---p 00000000 00:00 0 
7f1a08000000-7f1a08026000 rw-p 00000000 00:00 0 
7f1a08026000-7f1a0c000000 ---p 00000000 00:00 0 
7f1a0c000000-7f1a0c021000 rw-p 00000000 00:00 0 
7f1a0c021000-7f1a10000000 ---p 00000000 00:00 0 
7f1a10000000-7f1a10021000 rw-p 00000000 00:00 0 
7f1a10021000-7f1a14000000 ---p 00000000 00:00 0 
7f1a14000000-7f1a14021000 rw-p 00000000 00:00 0 
7f1a14021000-7f1a18000000 ---p 00000000 00:00 0 
7f1a18000000-7f1a18021000 rw-p 00000000 00:00 0 
7f1a18021000-7f1a1c000000 ---p 00000000 00:00 0 
7f1a1e021000-7f1a1eafb000 rw-p 00000000 00:00 0 
7f1a1eafb000-7f1a1ebcf000 ---p 00000000 00:00 0 
7f1a1ebcf000-7f1a1edcf000 rw-p 00000000 00:00 0 
7f1a1edcf000-7f1a1efcf000 rw-p 00000000 00:00 0 
7f1a1efcf000-7f1a1f1cf000 rw-p 00000000 00:00 0 
7f1a1f1cf000-7f1a1f1d0000 ---p 00000000 00:00 0 
7f1a1f1d0000-7f1a1f4d1000 rw-p 00000000 00:00 0 
7f1a1f4d1000-7f1a1f4d5000 ---p 00000000 00:00 0 
7f1a1f4d5000-7f1a1f7d2000 rw-p 00000000 00:00 0 
7f1a1f7d2000-7f1a1f7d4000 r-xp 00000000 08:01 29887051                   /home/dam2a/JavaSDK/jdk-11.0.1_linux-x64_bin/jdk-11.0.1/lib/libextnet.so
7f1a1f7d4000-7f1a1f9d3000 ---p 00002000 08:01 29887051                   /home/dam2a/JavaSDK/jdk-11.0.1_linux-x64_bin/jdk-11.0.1/lib/libextnet.so
7f1a1f9d3000-7f1a1f9d4000 r--p 00001000 08:01 29887051                   /home/dam2a/JavaSDK/jdk-11.0.1_linux-x64_bin/jdk-11.0.1/lib/libextnet.so
7f1a1f9d4000-7f1a1f9d5000 rw-p 00002000 08:01 29887051                   /home/dam2a/JavaSDK/jdk-11.0.1_linux-x64_bin/jdk-11.0.1/lib/libextnet.so
7f1a1f9d5000-7f1a1f9d6000 ---p 00000000 00:00 0 
7f1a1f9d6000-7f1a1fad7000 rw-p 00000000 00:00 0 
7f1a1fad7000-7f1a1fadb000 ---p 00000000 00:00 0 
7f1a1fadb000-7f1a1fbd8000 rw-p 00000000 00:00 0 
7f1a1fbd8000-7f1a1fbee000 r-xp 00000000 08:01 29887070                   /home/dam2a/JavaSDK/jdk-11.0.1_linux-x64_bin/jdk-11.0.1/lib/libnet.so
7f1a1fbee000-7f1a1fded000 ---p 00016000 08:01 29887070                   /home/dam2a/JavaSDK/jdk-11.0.1_linux-x64_bin/jdk-11.0.1/lib/libnet.so
7f1a1fded000-7f1a1fdee000 r--p 00015000 08:01 29887070                   /home/dam2a/JavaSDK/jdk-11.0.1_linux-x64_bin/jdk-11.0.1/lib/libnet.so
7f1a1fdee000-7f1a1fdef000 rw-p 00016000 08:01 29887070                   /home/dam2a/JavaSDK/jdk-11.0.1_linux-x64_bin/jdk-11.0.1/lib/libnet.so
7f1a1fdef000-7f1a1fdff000 r-xp 00000000 08:01 29887071                   /home/dam2a/JavaSDK/jdk-11.0.1_linux-x64_bin/jdk-11.0.1/lib/libnio.so
7f1a1fdff000-7f1a1fffe000 ---p 00010000 08:01 29887071                   /home/dam2a/JavaSDK/jdk-11.0.1_linux-x64_bin/jdk-11.0.1/lib/libnio.so
7f1a1fffe000-7f1a1ffff000 r--p 0000f000 08:01 29887071                   /home/dam2a/JavaSDK/jdk-11.0.1_linux-x64_bin/jdk-11.0.1/lib/libnio.so
7f1a1ffff000-7f1a20000000 rw-p 00010000 08:01 29887071                   /home/dam2a/JavaSDK/jdk-11.0.1_linux-x64_bin/jdk-11.0.1/lib/libnio.so
7f1a20000000-7f1a204c8000 rw-p 00000000 00:00 0 
7f1a204c8000-7f1a24000000 ---p 00000000 00:00 0 
7f1a24000000-7f1a24021000 rw-p 00000000 00:00 0 
7f1a24021000-7f1a28000000 ---p 00000000 00:00 0 
7f1a28000000-7f1a28021000 rw-p 00000000 00:00 0 
7f1a28021000-7f1a2c000000 ---p 00000000 00:00 0 
7f1a2c000000-7f1a2c609000 rw-p 00000000 00:00 0 
7f1a2c609000-7f1a30000000 ---p 00000000 00:00 0 
7f1a30000000-7f1a30021000 rw-p 00000000 00:00 0 
7f1a30021000-7f1a34000000 ---p 00000000 00:00 0 
7f1a34000000-7f1a34021000 rw-p 00000000 00:00 0 
7f1a34021000-7f1a38000000 ---p 00000000 00:00 0 
7f1a38000000-7f1a38021000 rw-p 00000000 00:00 0 
7f1a38021000-7f1a3c000000 ---p 00000000 00:00 0 
7f1a3c000000-7f1a3c021000 rw-p 00000000 00:00 0 
7f1a3c021000-7f1a40000000 ---p 00000000 00:00 0 
7f1a40000000-7f1a40021000 rw-p 00000000 00:00 0 
7f1a40021000-7f1a44000000 ---p 00000000 00:00 0 
7f1a44000000-7f1a44021000 rw-p 00000000 00:00 0 
7f1a44021000-7f1a48000000 ---p 00000000 00:00 0 
7f1a480ed000-7f1a480f1000 ---p 00000000 00:00 0 
7f1a480f1000-7f1a481ee000 rw-p 00000000 00:00 0 
7f1a481ee000-7f1a481f2000 ---p 00000000 00:00 0 
7f1a481f2000-7f1a482ef000 rw-p 00000000 00:00 0 
7f1a482ef000-7f1a482f3000 ---p 00000000 00:00 0 
7f1a482f3000-7f1a483f0000 rw-p 00000000 00:00 0 
7f1a483f0000-7f1a483f4000 ---p 00000000 00:00 0 
7f1a483f4000-7f1a484f1000 rw-p 00000000 00:00 0 
7f1a484f1000-7f1a484f5000 ---p 00000000 00:00 0 
7f1a484f5000-7f1a485f2000 rw-p 00000000 00:00 0 
7f1a485f2000-7f1a485f6000 ---p 00000000 00:00 0 
7f1a485f6000-7f1a486f3000 rw-p 00000000 00:00 0 
7f1a486f3000-7f1a491f7000 r--p 00000000 08:01 53746235                   /usr/lib/locale/locale-archive
7f1a491f7000-7f1a491fb000 ---p 00000000 00:00 0 
7f1a491fb000-7f1a492f8000 rw-p 00000000 00:00 0 
7f1a492f8000-7f1a492fc000 ---p 00000000 00:00 0 
7f1a492fc000-7f1a493f9000 rw-p 00000000 00:00 0 
7f1a493f9000-7f1a493fa000 ---p 00000000 00:00 0 
7f1a493fa000-7f1a49cfb000 rw-p 00000000 00:00 0 
7f1a49cfb000-7f1a49cfc000 ---p 00000000 00:00 0 
7f1a49cfc000-7f1a49dfd000 rw-p 00000000 00:00 0 
7f1a49dfd000-7f1a49dfe000 ---p 00000000 00:00 0 
7f1a49dfe000-7f1a4c000000 rw-p 00000000 00:00 0 
7f1a4c000000-7f1a4c021000 rw-p 00000000 00:00 0 
7f1a4c021000-7f1a50000000 ---p 00000000 00:00 0 
7f1a5009e000-7f1a50490000 rw-p 00000000 00:00 0 
7f1a50490000-7f1a52150000 ---p 00000000 00:00 0 
7f1a52150000-7f1a52340000 rw-p 00000000 00:00 0 
7f1a52340000-7f1a54000000 ---p 00000000 00:00 0 
7f1a54000000-7f1a54021000 rw-p 00000000 00:00 0 
7f1a54021000-7f1a58000000 ---p 00000000 00:00 0 
7f1a58042000-7f1a58101000 rw-p 00000000 00:00 0 
7f1a58101000-7f1a58499000 ---p 00000000 00:00 0 
7f1a58499000-7f1a584d7000 rw-p 00000000 00:00 0 
7f1a584d7000-7f1a5886f000 ---p 00000000 00:00 0 
7f1a5886f000-7f1a588ad000 rw-p 00000000 00:00 0 
7f1a588ad000-7f1a58c45000 ---p 00000000 00:00 0 
7f1a58c45000-7f1a58eb5000 rwxp 00000000 00:00 0 
7f1a58eb5000-7f1a591d5000 ---p 00000000 00:00 0 
7f1a591d5000-7f1a596f5000 rwxp 00000000 00:00 0 
7f1a596f5000-7f1a6070d000 ---p 00000000 00:00 0 
7f1a6070d000-7f1a6097d000 rwxp 00000000 00:00 0 
7f1a6097d000-7f1a67c45000 ---p 00000000 00:00 0 
7f1a67c45000-7f1a70000000 r--s 00000000 08:01 29887081                   /home/dam2a/JavaSDK/jdk-11.0.1_linux-x64_bin/jdk-11.0.1/lib/modules
7f1a70000000-7f1a70cb9000 rw-p 00000000 00:00 0 
7f1a70cb9000-7f1a74000000 ---p 00000000 00:00 0 
7f1a74053000-7f1a74154000 rw-p 00000000 00:00 0 
7f1a74154000-7f1a74155000 ---p 00000000 00:00 0 
7f1a74155000-7f1a74256000 rw-p 00000000 00:00 0 
7f1a74256000-7f1a74257000 ---p 00000000 00:00 0 
7f1a74257000-7f1a7475c000 rw-p 00000000 00:00 0 
7f1a7475c000-7f1a7475d000 ---p 00000000 00:00 0 
7f1a7475d000-7f1a74863000 rw-p 00000000 00:00 0 
7f1a74863000-7f1a74949000 ---p 00000000 00:00 0 
7f1a74949000-7f1a74954000 rw-p 00000000 00:00 0 
7f1a74954000-7f1a74a34000 ---p 00000000 00:00 0 
7f1a74a34000-7f1a74a4f000 r-xp 00000000 08:01 29887062                   /home/dam2a/JavaSDK/jdk-11.0.1_linux-x64_bin/jdk-11.0.1/lib/libjimage.so
7f1a74a4f000-7f1a74c4e000 ---p 0001b000 08:01 29887062                   /home/dam2a/JavaSDK/jdk-11.0.1_linux-x64_bin/jdk-11.0.1/lib/libjimage.so
7f1a74c4e000-7f1a74c50000 r--p 0001a000 08:01 29887062                   /home/dam2a/JavaSDK/jdk-11.0.1_linux-x64_bin/jdk-11.0.1/lib/libjimage.so
7f1a74c50000-7f1a74c51000 rw-p 0001c000 08:01 29887062                   /home/dam2a/JavaSDK/jdk-11.0.1_linux-x64_bin/jdk-11.0.1/lib/libjimage.so
7f1a74c51000-7f1a74c58000 r-xp 00000000 08:01 29887080                   /home/dam2a/JavaSDK/jdk-11.0.1_linux-x64_bin/jdk-11.0.1/lib/libzip.so
7f1a74c58000-7f1a74e57000 ---p 00007000 08:01 29887080                   /home/dam2a/JavaSDK/jdk-11.0.1_linux-x64_bin/jdk-11.0.1/lib/libzip.so
7f1a74e57000-7f1a74e58000 r--p 00006000 08:01 29887080                   /home/dam2a/JavaSDK/jdk-11.0.1_linux-x64_bin/jdk-11.0.1/lib/libzip.so
7f1a74e58000-7f1a74e59000 rw-p 00007000 08:01 29887080                   /home/dam2a/JavaSDK/jdk-11.0.1_linux-x64_bin/jdk-11.0.1/lib/libzip.so
7f1a74e59000-7f1a74e64000 r-xp 00000000 08:01 49549976                   /lib/x86_64-linux-gnu/libnss_files-2.27.so
7f1a74e64000-7f1a75063000 ---p 0000b000 08:01 49549976                   /lib/x86_64-linux-gnu/libnss_files-2.27.so
7f1a75063000-7f1a75064000 r--p 0000a000 08:01 49549976                   /lib/x86_64-linux-gnu/libnss_files-2.27.so
7f1a75064000-7f1a75065000 rw-p 0000b000 08:01 49549976                   /lib/x86_64-linux-gnu/libnss_files-2.27.so
7f1a75065000-7f1a7506b000 rw-p 00000000 00:00 0 
7f1a7506b000-7f1a75082000 r-xp 00000000 08:01 49549970                   /lib/x86_64-linux-gnu/libnsl-2.27.so
7f1a75082000-7f1a75281000 ---p 00017000 08:01 49549970                   /lib/x86_64-linux-gnu/libnsl-2.27.so
7f1a75281000-7f1a75282000 r--p 00016000 08:01 49549970                   /lib/x86_64-linux-gnu/libnsl-2.27.so
7f1a75282000-7f1a75283000 rw-p 00017000 08:01 49549970                   /lib/x86_64-linux-gnu/libnsl-2.27.so
7f1a75283000-7f1a75285000 rw-p 00000000 00:00 0 
7f1a75285000-7f1a75290000 r-xp 00000000 08:01 49549987                   /lib/x86_64-linux-gnu/libnss_nis-2.27.so
7f1a75290000-7f1a7548f000 ---p 0000b000 08:01 49549987                   /lib/x86_64-linux-gnu/libnss_nis-2.27.so
7f1a7548f000-7f1a75490000 r--p 0000a000 08:01 49549987                   /lib/x86_64-linux-gnu/libnss_nis-2.27.so
7f1a75490000-7f1a75491000 rw-p 0000b000 08:01 49549987                   /lib/x86_64-linux-gnu/libnss_nis-2.27.so
7f1a75491000-7f1a75499000 r-xp 00000000 08:01 49549972                   /lib/x86_64-linux-gnu/libnss_compat-2.27.so
7f1a75499000-7f1a75699000 ---p 00008000 08:01 49549972                   /lib/x86_64-linux-gnu/libnss_compat-2.27.so
7f1a75699000-7f1a7569a000 r--p 00008000 08:01 49549972                   /lib/x86_64-linux-gnu/libnss_compat-2.27.so
7f1a7569a000-7f1a7569b000 rw-p 00009000 08:01 49549972                   /lib/x86_64-linux-gnu/libnss_compat-2.27.so
7f1a7569b000-7f1a756a5000 r-xp 00000000 08:01 29887053                   /home/dam2a/JavaSDK/jdk-11.0.1_linux-x64_bin/jdk-11.0.1/lib/libinstrument.so
7f1a756a5000-7f1a758a4000 ---p 0000a000 08:01 29887053                   /home/dam2a/JavaSDK/jdk-11.0.1_linux-x64_bin/jdk-11.0.1/lib/libinstrument.so
7f1a758a4000-7f1a758a5000 r--p 00009000 08:01 29887053                   /home/dam2a/JavaSDK/jdk-11.0.1_linux-x64_bin/jdk-11.0.1/lib/libinstrument.so
7f1a758a5000-7f1a758a6000 rw-p 0000a000 08:01 29887053                   /home/dam2a/JavaSDK/jdk-11.0.1_linux-x64_bin/jdk-11.0.1/lib/libinstrument.so
7f1a758a6000-7f1a758d1000 r-xp 00000000 08:01 29887058                   /home/dam2a/JavaSDK/jdk-11.0.1_linux-x64_bin/jdk-11.0.1/lib/libjava.so
7f1a758d1000-7f1a75ad0000 ---p 0002b000 08:01 29887058                   /home/dam2a/JavaSDK/jdk-11.0.1_linux-x64_bin/jdk-11.0.1/lib/libjava.so
7f1a75ad0000-7f1a75ad1000 r--p 0002a000 08:01 29887058                   /home/dam2a/JavaSDK/jdk-11.0.1_linux-x64_bin/jdk-11.0.1/lib/libjava.so
7f1a75ad1000-7f1a75ad3000 rw-p 0002b000 08:01 29887058                   /home/dam2a/JavaSDK/jdk-11.0.1_linux-x64_bin/jdk-11.0.1/lib/libjava.so
7f1a75ad3000-7f1a75ae0000 r-xp 00000000 08:01 29887079                   /home/dam2a/JavaSDK/jdk-11.0.1_linux-x64_bin/jdk-11.0.1/lib/libverify.so
7f1a75ae0000-7f1a75cdf000 ---p 0000d000 08:01 29887079                   /home/dam2a/JavaSDK/jdk-11.0.1_linux-x64_bin/jdk-11.0.1/lib/libverify.so
7f1a75cdf000-7f1a75ce1000 r--p 0000c000 08:01 29887079                   /home/dam2a/JavaSDK/jdk-11.0.1_linux-x64_bin/jdk-11.0.1/lib/libverify.so
7f1a75ce1000-7f1a75ce2000 rw-p 0000e000 08:01 29887079                   /home/dam2a/JavaSDK/jdk-11.0.1_linux-x64_bin/jdk-11.0.1/lib/libverify.so
7f1a75ce2000-7f1a75ce9000 r-xp 00000000 08:01 49550027                   /lib/x86_64-linux-gnu/librt-2.27.so
7f1a75ce9000-7f1a75ee8000 ---p 00007000 08:01 49550027                   /lib/x86_64-linux-gnu/librt-2.27.so
7f1a75ee8000-7f1a75ee9000 r--p 00006000 08:01 49550027                   /lib/x86_64-linux-gnu/librt-2.27.so
7f1a75ee9000-7f1a75eea000 rw-p 00007000 08:01 49550027                   /lib/x86_64-linux-gnu/librt-2.27.so
7f1a75eea000-7f1a76087000 r-xp 00000000 08:01 49549949                   /lib/x86_64-linux-gnu/libm-2.27.so
7f1a76087000-7f1a76286000 ---p 0019d000 08:01 49549949                   /lib/x86_64-linux-gnu/libm-2.27.so
7f1a76286000-7f1a76287000 r--p 0019c000 08:01 49549949                   /lib/x86_64-linux-gnu/libm-2.27.so
7f1a76287000-7f1a76288000 rw-p 0019d000 08:01 49549949                   /lib/x86_64-linux-gnu/libm-2.27.so
7f1a76288000-7f1a77410000 r-xp 00000000 08:01 30148247                   /home/dam2a/JavaSDK/jdk-11.0.1_linux-x64_bin/jdk-11.0.1/lib/server/libjvm.so
7f1a77410000-7f1a77610000 ---p 01188000 08:01 30148247                   /home/dam2a/JavaSDK/jdk-11.0.1_linux-x64_bin/jdk-11.0.1/lib/server/libjvm.so
7f1a77610000-7f1a776da000 r--p 01188000 08:01 30148247                   /home/dam2a/JavaSDK/jdk-11.0.1_linux-x64_bin/jdk-11.0.1/lib/server/libjvm.so
7f1a776da000-7f1a77714000 rw-p 01252000 08:01 30148247                   /home/dam2a/JavaSDK/jdk-11.0.1_linux-x64_bin/jdk-11.0.1/lib/server/libjvm.so
7f1a77714000-7f1a7776a000 rw-p 00000000 00:00 0 
7f1a7776a000-7f1a77951000 r-xp 00000000 08:01 49549886                   /lib/x86_64-linux-gnu/libc-2.27.so
7f1a77951000-7f1a77b51000 ---p 001e7000 08:01 49549886                   /lib/x86_64-linux-gnu/libc-2.27.so
7f1a77b51000-7f1a77b55000 r--p 001e7000 08:01 49549886                   /lib/x86_64-linux-gnu/libc-2.27.so
7f1a77b55000-7f1a77b57000 rw-p 001eb000 08:01 49549886                   /lib/x86_64-linux-gnu/libc-2.27.so
7f1a77b57000-7f1a77b5b000 rw-p 00000000 00:00 0 
7f1a77b5b000-7f1a77b5e000 r-xp 00000000 08:01 49549909                   /lib/x86_64-linux-gnu/libdl-2.27.so
7f1a77b5e000-7f1a77d5d000 ---p 00003000 08:01 49549909                   /lib/x86_64-linux-gnu/libdl-2.27.so
7f1a77d5d000-7f1a77d5e000 r--p 00002000 08:01 49549909                   /lib/x86_64-linux-gnu/libdl-2.27.so
7f1a77d5e000-7f1a77d5f000 rw-p 00003000 08:01 49549909                   /lib/x86_64-linux-gnu/libdl-2.27.so
7f1a77d5f000-7f1a77d6e000 r-xp 00000000 08:01 30146654                   /home/dam2a/JavaSDK/jdk-11.0.1_linux-x64_bin/jdk-11.0.1/lib/jli/libjli.so
7f1a77d6e000-7f1a77f6e000 ---p 0000f000 08:01 30146654                   /home/dam2a/JavaSDK/jdk-11.0.1_linux-x64_bin/jdk-11.0.1/lib/jli/libjli.so
7f1a77f6e000-7f1a77f6f000 r--p 0000f000 08:01 30146654                   /home/dam2a/JavaSDK/jdk-11.0.1_linux-x64_bin/jdk-11.0.1/lib/jli/libjli.so
7f1a77f6f000-7f1a77f70000 rw-p 00010000 08:01 30146654                   /home/dam2a/JavaSDK/jdk-11.0.1_linux-x64_bin/jdk-11.0.1/lib/jli/libjli.so
7f1a77f70000-7f1a77f8a000 r-xp 00000000 08:01 49550019                   /lib/x86_64-linux-gnu/libpthread-2.27.so
7f1a77f8a000-7f1a78189000 ---p 0001a000 08:01 49550019                   /lib/x86_64-linux-gnu/libpthread-2.27.so
7f1a78189000-7f1a7818a000 r--p 00019000 08:01 49550019                   /lib/x86_64-linux-gnu/libpthread-2.27.so
7f1a7818a000-7f1a7818b000 rw-p 0001a000 08:01 49550019                   /lib/x86_64-linux-gnu/libpthread-2.27.so
7f1a7818b000-7f1a7818f000 rw-p 00000000 00:00 0 
7f1a7818f000-7f1a781ab000 r-xp 00000000 08:01 49550058                   /lib/x86_64-linux-gnu/libz.so.1.2.11
7f1a781ab000-7f1a783aa000 ---p 0001c000 08:01 49550058                   /lib/x86_64-linux-gnu/libz.so.1.2.11
7f1a783aa000-7f1a783ab000 r--p 0001b000 08:01 49550058                   /lib/x86_64-linux-gnu/libz.so.1.2.11
7f1a783ab000-7f1a783ac000 rw-p 0001c000 08:01 49550058                   /lib/x86_64-linux-gnu/libz.so.1.2.11
7f1a783ac000-7f1a783d3000 r-xp 00000000 08:01 49549858                   /lib/x86_64-linux-gnu/ld-2.27.so
7f1a7840c000-7f1a784a9000 rw-p 00000000 00:00 0 
7f1a784a9000-7f1a784ad000 ---p 00000000 00:00 0 
7f1a784ad000-7f1a785ac000 rw-p 00000000 00:00 0 
7f1a785bb000-7f1a785c0000 rw-p 00000000 00:00 0 
7f1a785c0000-7f1a785c7000 ---p 00000000 00:00 0 
7f1a785c7000-7f1a785cf000 rw-s 00000000 08:01 15998642                   /tmp/hsperfdata_dam2a/10044
7f1a785cf000-7f1a785d0000 ---p 00000000 00:00 0 
7f1a785d0000-7f1a785d1000 r--p 00000000 00:00 0 
7f1a785d1000-7f1a785d3000 rw-p 00000000 00:00 0 
7f1a785d3000-7f1a785d4000 r--p 00027000 08:01 49549858                   /lib/x86_64-linux-gnu/ld-2.27.so
7f1a785d4000-7f1a785d5000 rw-p 00028000 08:01 49549858                   /lib/x86_64-linux-gnu/ld-2.27.so
7f1a785d5000-7f1a785d6000 rw-p 00000000 00:00 0 
7ffd828f4000-7ffd82915000 rw-p 00000000 00:00 0                          [stack]
7ffd82949000-7ffd8294c000 r--p 00000000 00:00 0                          [vvar]
7ffd8294c000-7ffd8294e000 r-xp 00000000 00:00 0                          [vdso]
ffffffffff600000-ffffffffff601000 r-xp 00000000 00:00 0                  [vsyscall]


VM Arguments:
jvm_args: -Dmaven.multiModuleProjectDirectory=/home/dam2a/IdeaProjects/SpriteBall -Dmaven.home=/home/dam2a/Baixades/ideaIC-2018.2.3/idea-IC-182.4323.46/plugins/maven/lib/maven3 -Dclassworlds.conf=/home/dam2a/Baixades/ideaIC-2018.2.3/idea-IC-182.4323.46/plugins/maven/lib/maven3/bin/m2.conf -javaagent:/home/dam2a/Baixades/ideaIC-2018.2.3/idea-IC-182.4323.46/lib/idea_rt.jar=42689:/home/dam2a/Baixades/ideaIC-2018.2.3/idea-IC-182.4323.46/bin -Dfile.encoding=UTF-8 
java_command: org.codehaus.classworlds.Launcher -Didea.version=2018.2.7 org.apache.maven.plugins:maven-resources-plugin:2.6:resources
java_class_path (initial): /home/dam2a/Baixades/ideaIC-2018.2.3/idea-IC-182.4323.46/plugins/maven/lib/maven3/boot/plexus-classworlds-2.5.2.jar
Launcher Type: SUN_STANDARD

[Global flags]
     intx CICompilerCount                          = 3                                         {product} {ergonomic}
     uint ConcGCThreads                            = 1                                         {product} {ergonomic}
     uint G1ConcRefinementThreads                  = 4                                         {product} {ergonomic}
   size_t G1HeapRegionSize                         = 1048576                                   {product} {ergonomic}
    uintx GCDrainStackTargetSize                   = 64                                        {product} {ergonomic}
   size_t InitialHeapSize                          = 130023424                                 {product} {ergonomic}
   size_t MarkStackSize                            = 4194304                                   {product} {ergonomic}
   size_t MaxHeapSize                              = 2059403264                                {product} {ergonomic}
   size_t MaxNewSize                               = 1235222528                                {product} {ergonomic}
   size_t MinHeapDeltaBytes                        = 1048576                                   {product} {ergonomic}
    uintx NonNMethodCodeHeapSize                   = 5830092                                {pd product} {ergonomic}
    uintx NonProfiledCodeHeapSize                  = 122914074                              {pd product} {ergonomic}
    uintx ProfiledCodeHeapSize                     = 122914074                              {pd product} {ergonomic}
    uintx ReservedCodeCacheSize                    = 251658240                              {pd product} {ergonomic}
     bool SegmentedCodeCache                       = true                                      {product} {ergonomic}
     bool UseCompressedClassPointers               = true                                 {lp64_product} {ergonomic}
     bool UseCompressedOops                        = true                                 {lp64_product} {ergonomic}
     bool UseG1GC                                  = true                                      {product} {ergonomic}

Logging:
Log output configuration:
 #0: stdout all=warning uptime,level,tags
 #1: stderr all=off uptime,level,tags

Environment Variables:
PATH=/usr/local/sbin:/usr/local/bin:/usr/sbin:/usr/bin:/sbin:/bin:/usr/games:/usr/local/games:/snap/bin
USERNAME=dam2a
SHELL=/bin/bash
DISPLAY=:0

Signal Handlers:
SIGSEGV: [libjvm.so+0xe5ac10], sa_mask[0]=11111111011111111101111111111110, sa_flags=SA_RESTART|SA_SIGINFO
SIGBUS: [libjvm.so+0xe5ac10], sa_mask[0]=11111111011111111101111111111110, sa_flags=SA_RESTART|SA_SIGINFO
SIGFPE: [libjvm.so+0xe5ac10], sa_mask[0]=11111111011111111101111111111110, sa_flags=SA_RESTART|SA_SIGINFO
SIGPIPE: [libjvm.so+0xc30d00], sa_mask[0]=11111111011111111101111111111110, sa_flags=SA_RESTART|SA_SIGINFO
SIGXFSZ: [libjvm.so+0xc30d00], sa_mask[0]=11111111011111111101111111111110, sa_flags=SA_RESTART|SA_SIGINFO
SIGILL: [libjvm.so+0xe5ac10], sa_mask[0]=11111111011111111101111111111110, sa_flags=SA_RESTART|SA_SIGINFO
SIGUSR2: [libjvm.so+0xc30ba0], sa_mask[0]=00100000000000000000000000000000, sa_flags=SA_RESTART|SA_SIGINFO
SIGHUP: [libjvm.so+0xc30f00], sa_mask[0]=11111111011111111101111111111110, sa_flags=SA_RESTART|SA_SIGINFO
SIGINT: [libjvm.so+0xc30f00], sa_mask[0]=11111111011111111101111111111110, sa_flags=SA_RESTART|SA_SIGINFO
SIGTERM: [libjvm.so+0xc30f00], sa_mask[0]=11111111011111111101111111111110, sa_flags=SA_RESTART|SA_SIGINFO
SIGQUIT: [libjvm.so+0xc30f00], sa_mask[0]=11111111011111111101111111111110, sa_flags=SA_RESTART|SA_SIGINFO


---------------  S Y S T E M  ---------------

OS:DISTRIB_ID=Ubuntu
DISTRIB_RELEASE=18.04
DISTRIB_CODENAME=bionic
DISTRIB_DESCRIPTION="Ubuntu 18.04 LTS"
uname:Linux 4.15.0-20-generic #21-Ubuntu SMP Tue Apr 24 06:16:15 UTC 2018 x86_64
libc:glibc 2.27 NPTL 2.27 
rlimit: STACK 8192k, CORE 0k, NPROC 31178, NOFILE 1048576, AS infinity, DATA infinity, FSIZE infinity
load average:1,15 0,92 0,77

/proc/meminfo:
MemTotal:        8044020 kB
MemFree:         2237124 kB
MemAvailable:    3881324 kB
Buffers:          211284 kB
Cached:          1966056 kB
SwapCached:            0 kB
Active:          3989308 kB
Inactive:        1393112 kB
Active(anon):    3206956 kB
Inactive(anon):   390460 kB
Active(file):     782352 kB
Inactive(file):  1002652 kB
Unevictable:          32 kB
Mlocked:              32 kB
SwapTotal:       2097148 kB
SwapFree:        2097148 kB
Dirty:             28452 kB
Writeback:             0 kB
AnonPages:       3205256 kB
Mapped:           531276 kB
Shmem:            392248 kB
Slab:             269452 kB
SReclaimable:     157240 kB
SUnreclaim:       112212 kB
KernelStack:       16832 kB
PageTables:        59756 kB
NFS_Unstable:          0 kB
Bounce:                0 kB
WritebackTmp:          0 kB
CommitLimit:     6119156 kB
Committed_AS:    9245008 kB
VmallocTotal:   34359738367 kB
VmallocUsed:           0 kB
VmallocChunk:          0 kB
HardwareCorrupted:     0 kB
AnonHugePages:      2048 kB
ShmemHugePages:        0 kB
ShmemPmdMapped:        0 kB
CmaTotal:              0 kB
CmaFree:               0 kB
HugePages_Total:       0
HugePages_Free:        0
HugePages_Rsvd:        0
HugePages_Surp:        0
Hugepagesize:       2048 kB
DirectMap4k:      317856 kB
DirectMap2M:     5849088 kB
DirectMap1G:     3145728 kB


/proc/sys/kernel/threads-max (system-wide limit on the number of threads):
62356


/proc/sys/vm/max_map_count (maximum number of memory map areas a process may have):
65530


/proc/sys/kernel/pid_max (system-wide limit on number of process identifiers):
32768


container (cgroup) information:
container_type: cgroupv1
cpu_cpuset_cpus: 0-3
cpu_memory_nodes: 0
active_processor_count: 4
cpu_quota: -1
cpu_period: 100000
cpu_shares: -1
memory_limit_in_bytes: -1
memory_and_swap_limit_in_bytes: -2
memory_soft_limit_in_bytes: -1
memory_usage_in_bytes: 4855259136
memory_max_usage_in_bytes: 4961714176


CPU:total 4 (initial active 4) (2 cores per cpu, 2 threads per core) family 6 model 60 stepping 3, cmov, cx8, fxsr, mmx, sse, sse2, sse3, ssse3, sse4.1, sse4.2, popcnt, avx, avx2, aes, clmul, erms, lzcnt, ht, tsc, tscinvbit, bmi1, bmi2, fma
CPU Model and flags from /proc/cpuinfo:
model name	: Intel(R) Core(TM) i3-4170 CPU @ 3.70GHz
flags		: fpu vme de pse tsc msr pae mce cx8 apic sep mtrr pge mca cmov pat pse36 clflush dts acpi mmx fxsr sse sse2 ss ht tm pbe syscall nx pdpe1gb rdtscp lm constant_tsc arch_perfmon pebs bts rep_good nopl xtopology nonstop_tsc cpuid aperfmperf pni pclmulqdq dtes64 monitor ds_cpl vmx est tm2 ssse3 sdbg fma cx16 xtpr pdcm pcid sse4_1 sse4_2 movbe popcnt aes xsave avx f16c rdrand lahf_lm abm cpuid_fault invpcid_single pti tpr_shadow vnmi flexpriority ept vpid fsgsbase tsc_adjust bmi1 avx2 smep bmi2 erms invpcid xsaveopt dtherm arat pln pts

Memory: 4k page, physical 8044020k(2237124k free), swap 2097148k(2097148k free)

vm_info: Java HotSpot(TM) 64-Bit Server VM (11.0.1+13-LTS) for linux-amd64 JRE (11.0.1+13-LTS), built on Oct  6 2018 05:13:05 by "mach5one" with gcc 7.3.0

END.
